<?xml version="1.0" encoding="UTF-8"?>
<testng-results ignored="0" total="4" passed="2" failed="2" skipped="0">
  <reporter-output>
  </reporter-output>
  <suite started-at="2023-10-27T08:57:37 IST" name="Default suite" finished-at="2023-10-27T08:58:51 IST" duration-ms="73832">
    <groups>
      <group name="cucumber">
        <method signature="AbstractTestNGCucumberTests.runScenario(io.cucumber.testng.PickleWrapper,io.cucumber.testng.FeatureWrapper)[pri:0, instance:runners.TestRunner@350aac89]" name="runScenario" class="io.cucumber.testng.AbstractTestNGCucumberTests"/>
      </group> <!-- cucumber -->
    </groups>
    <test started-at="2023-10-27T08:57:37 IST" name="Default test" finished-at="2023-10-27T08:58:51 IST" duration-ms="73832">
      <class name="runners.TestRunner">
        <test-method is-config="true" signature="setUpClass()[pri:0, instance:runners.TestRunner@350aac89]" started-at="2023-10-27T08:57:37 IST" name="setUpClass" finished-at="2023-10-27T08:57:38 IST" duration-ms="883" status="PASS">
          <reporter-output>
          </reporter-output>
        </test-method> <!-- setUpClass -->
        <test-method signature="runScenario(io.cucumber.testng.PickleWrapper,io.cucumber.testng.FeatureWrapper)[pri:0, instance:runners.TestRunner@350aac89]" started-at="2023-10-27T08:57:38 IST" name="runScenario" description="Runs Cucumber Scenarios" data-provider="scenarios" finished-at="2023-10-27T08:57:59 IST" duration-ms="21094" status="PASS">
          <params>
            <param index="0">
              <value>
                <![CDATA["Verification of Login button with numbers of credential"]]>
              </value>
            </param>
            <param index="1">
              <value>
                <![CDATA["Web Automation Login, fill info and logout"]]>
              </value>
            </param>
          </params>
          <reporter-output>
          </reporter-output>
        </test-method> <!-- runScenario -->
        <test-method signature="runScenario(io.cucumber.testng.PickleWrapper,io.cucumber.testng.FeatureWrapper)[pri:0, instance:runners.TestRunner@350aac89]" started-at="2023-10-27T08:57:59 IST" name="runScenario" description="Runs Cucumber Scenarios" data-provider="scenarios" finished-at="2023-10-27T08:58:20 IST" duration-ms="20658" status="PASS">
          <params>
            <param index="0">
              <value>
                <![CDATA["Verification of Login button with numbers of credential"]]>
              </value>
            </param>
            <param index="1">
              <value>
                <![CDATA["Web Automation Login, fill info and logout"]]>
              </value>
            </param>
          </params>
          <reporter-output>
          </reporter-output>
        </test-method> <!-- runScenario -->
        <test-method signature="runScenario(io.cucumber.testng.PickleWrapper,io.cucumber.testng.FeatureWrapper)[pri:0, instance:runners.TestRunner@350aac89]" started-at="2023-10-27T08:58:20 IST" name="runScenario" description="Runs Cucumber Scenarios" data-provider="scenarios" finished-at="2023-10-27T08:58:28 IST" duration-ms="7673" status="FAIL">
          <params>
            <param index="0">
              <value>
                <![CDATA["Verification of Login button with numbers of credential"]]>
              </value>
            </param>
            <param index="1">
              <value>
                <![CDATA["Web Automation Login, fill info and logout"]]>
              </value>
            </param>
          </params>
          <exception class="java.lang.IndexOutOfBoundsException">
            <message>
              <![CDATA[Index 2 out of bounds for length 2]]>
            </message>
            <full-stacktrace>
              <![CDATA[java.lang.IndexOutOfBoundsException: Index 2 out of bounds for length 2
at java.base/jdk.internal.util.Preconditions.outOfBounds(Preconditions.java:100)
at java.base/jdk.internal.util.Preconditions.outOfBoundsCheckIndex(Preconditions.java:106)
at java.base/jdk.internal.util.Preconditions.checkIndex(Preconditions.java:302)
at java.base/java.util.Objects.checkIndex(Objects.java:359)
at java.base/java.util.ArrayList.get(ArrayList.java:427)
at Testcases.TestLoginExcelLogin.fill_in_the_account_details_user_password_in_the_login_screen(TestLoginExcelLogin.java:63)
at ✽.Fill in the account details user "Sheet1" password 2 in the login screen.(file:///D:/Git3/OrangeHR/com.orangehrm/src/test/resources/Features/TestLoginFeature.feature:23)
]]>
            </full-stacktrace>
          </exception> <!-- java.lang.IndexOutOfBoundsException -->
          <reporter-output>
          </reporter-output>
        </test-method> <!-- runScenario -->
        <test-method signature="runScenario(io.cucumber.testng.PickleWrapper,io.cucumber.testng.FeatureWrapper)[pri:0, instance:runners.TestRunner@350aac89]" started-at="2023-10-27T08:58:28 IST" name="runScenario" description="Runs Cucumber Scenarios" data-provider="scenarios" finished-at="2023-10-27T08:58:50 IST" duration-ms="22528" status="FAIL">
          <params>
            <param index="0">
              <value>
                <![CDATA["Verification of Login button with numbers of credential"]]>
              </value>
            </param>
            <param index="1">
              <value>
                <![CDATA["Web Automation Login, fill info and logout"]]>
              </value>
            </param>
          </params>
          <exception class="java.lang.IndexOutOfBoundsException">
            <message>
              <![CDATA[Index 3 out of bounds for length 2]]>
            </message>
            <full-stacktrace>
              <![CDATA[java.lang.IndexOutOfBoundsException: Index 3 out of bounds for length 2
at java.base/jdk.internal.util.Preconditions.outOfBounds(Preconditions.java:100)
at java.base/jdk.internal.util.Preconditions.outOfBoundsCheckIndex(Preconditions.java:106)
at java.base/jdk.internal.util.Preconditions.checkIndex(Preconditions.java:302)
at java.base/java.util.Objects.checkIndex(Objects.java:359)
at java.base/java.util.ArrayList.get(ArrayList.java:427)
at Testcases.TestLoginExcelLogin.fill_in_the_account_details_user_password_in_the_login_screen(TestLoginExcelLogin.java:63)
at ✽.Fill in the account details user "Sheet1" password 3 in the login screen.(file:///D:/Git3/OrangeHR/com.orangehrm/src/test/resources/Features/TestLoginFeature.feature:23)
]]>
            </full-stacktrace>
          </exception> <!-- java.lang.IndexOutOfBoundsException -->
          <reporter-output>
          </reporter-output>
        </test-method> <!-- runScenario -->
        <test-method is-config="true" signature="tearDownClass()[pri:0, instance:runners.TestRunner@350aac89]" started-at="2023-10-27T08:58:50 IST" name="tearDownClass" finished-at="2023-10-27T08:58:51 IST" duration-ms="921" status="PASS">
          <reporter-output>
          </reporter-output>
        </test-method> <!-- tearDownClass -->
      </class> <!-- runners.TestRunner -->
    </test> <!-- Default test -->
  </suite> <!-- Default suite -->
</testng-results>
